{"level":"info","message":"Server is successfully running on port 3000","timestamp":"2026-06-07T12:40:55.589Z"}
{"level":"info","message":"Server is successfully running on port 3000","timestamp":"2026-06-07T12:43:17.428Z"}
{"level":"info","message":"Server is successfully running on port 3000","timestamp":"2026-06-07T12:43:54.547Z"}
{"level":"info","message":"Server is successfully running on port 3000","timestamp":"2026-06-07T12:49:55.148Z"}
{"level":"info","message":"Server is successfully running on port 3000","timestamp":"2026-06-07T12:51:22.931Z"}
{"level":"info","message":"Server is successfully running on port 3000","timestamp":"2026-06-07T13:13:17.662Z"}
{"level":"info","message":"Server is successfully running on port 3000","timestamp":"2026-06-07T15:07:31.667Z"}
{"level":"info","message":"Server is successfully running on port 3000","timestamp":"2026-06-07T15:07:37.549Z"}
{"level":"info","message":"\u001b[0mPOST /api/v1/auth/register \u001b[33m400\u001b[0m 309.691 ms - 49\u001b[0m","timestamp":"2026-06-07T15:08:08.213Z"}
{"level":"info","message":"\u001b[0mPOST /api/v1/auth/login \u001b[33m400\u001b[0m 225.719 ms - 49\u001b[0m","timestamp":"2026-06-07T15:08:27.093Z"}
{"level":"info","message":"\u001b[0mPOST /api/v1/auth/login \u001b[33m400\u001b[0m 175.087 ms - 49\u001b[0m","timestamp":"2026-06-07T15:08:43.590Z"}
{"level":"info","message":"\u001b[0mPOST /api/v1/auth/register \u001b[32m201\u001b[0m 252.591 ms - 343\u001b[0m","timestamp":"2026-06-07T15:08:59.058Z"}
{"level":"info","message":"\u001b[0mPOST /api/v1/auth/login \u001b[32m200\u001b[0m 187.545 ms - 331\u001b[0m","timestamp":"2026-06-07T15:09:13.408Z"}
{"level":"info","message":"\u001b[0mGET /api/v1/auth/data/getCurrentUser \u001b[32m200\u001b[0m 114.400 ms - 405\u001b[0m","timestamp":"2026-06-07T15:16:22.009Z"}
{"level":"info","message":"\u001b[0mGET /api/v1/auth/data/getCurrentUser \u001b[36m304\u001b[0m 80.806 ms - -\u001b[0m","timestamp":"2026-06-07T15:16:22.103Z"}
{"level":"info","message":"\u001b[0mGET /api/v1/dashboard/data/recentActivity \u001b[32m200\u001b[0m 306.733 ms - 32\u001b[0m","timestamp":"2026-06-07T15:16:22.491Z"}
{"level":"info","message":"\u001b[0mGET /api/v1/dashboard/data/dashboardStats \u001b[32m200\u001b[0m 729.088 ms - 102\u001b[0m","timestamp":"2026-06-07T15:16:22.908Z"}
{"level":"info","message":"\u001b[0mGET /api/v1/auth/data/getCurrentUser \u001b[36m304\u001b[0m 108.280 ms - -\u001b[0m","timestamp":"2026-06-07T15:19:25.627Z"}
{"level":"info","message":"\u001b[0mGET /api/v1/auth/data/getCurrentUser \u001b[36m304\u001b[0m 200.698 ms - -\u001b[0m","timestamp":"2026-06-07T15:19:25.833Z"}
{"level":"info","message":"\u001b[0mGET /api/v1/dashboard/data/recentActivity \u001b[36m304\u001b[0m 175.815 ms - -\u001b[0m","timestamp":"2026-06-07T15:19:26.106Z"}
{"level":"info","message":"\u001b[0mGET /api/v1/dashboard/data/dashboardStats \u001b[36m304\u001b[0m 936.652 ms - -\u001b[0m","timestamp":"2026-06-07T15:19:26.841Z"}
